
PLAY [Test on Ubuntu 22.04] ****************************************************

TASK [../../ansible-role-glpi : Install requirements] **************************
included: /Users/rbahri/Desktop/all/Perso/projects/ansible-role-glpi/tasks/requirements.yml for localhost

TASK [../../ansible-role-glpi : Update cache] **********************************
ok: [localhost]

TASK [../../ansible-role-glpi : Upgrade packages] ******************************
ok: [localhost]

TASK [../../ansible-role-glpi : Install required packages] *********************
ok: [localhost]

TASK [../../ansible-role-glpi : Configure storage] *****************************
skipping: [localhost]

TASK [../../ansible-role-glpi : Configure server] ******************************
included: /Users/rbahri/Desktop/all/Perso/projects/ansible-role-glpi/tasks/server.yml for localhost

TASK [../../ansible-role-glpi : Check if GLPI package exists] ******************
ok: [localhost]

TASK [../../ansible-role-glpi : Download official archive] *********************
skipping: [localhost]

TASK [../../ansible-role-glpi : Extract archive to web directory] **************
skipping: [localhost]

TASK [../../ansible-role-glpi : Create downstream.php] *************************
ok: [localhost]

TASK [../../ansible-role-glpi : Create local_define.php] ***********************
ok: [localhost]

TASK [../../ansible-role-glpi : Move files to configured directories] **********
ok: [localhost] => (item={'src': '/var/www/html/glpi/config/', 'dest': '/etc/glpi'})
ok: [localhost] => (item={'src': '/var/www/html/glpi/files/', 'dest': '/var/lib/glpi'})
ok: [localhost] => (item={'src': '/var/lib/glpi/_log/', 'dest': '/var/log/glpi'})

TASK [../../ansible-role-glpi : Change ownership of marketplace directory] *****
ok: [localhost]

TASK [../../ansible-role-glpi : Configure webserver site] **********************
ok: [localhost]

TASK [../../ansible-role-glpi : Disable default site] **************************
ok: [localhost]

TASK [../../ansible-role-glpi : Enable rewrite] ********************************
ok: [localhost]

TASK [../../ansible-role-glpi : Enable GLPI site] ******************************
ok: [localhost]

TASK [../../ansible-role-glpi : Configure PHP settings] ************************
ok: [localhost] => (item={'regexp': '^upload_max_filesize.*', 'line': 'upload_max_filesize = 20M'})
ok: [localhost] => (item={'regexp': '^post_max_size.*', 'line': 'post_max_size = 20M'})
ok: [localhost] => (item={'regexp': '^max_execution_time.*', 'line': 'max_execution_time = 60'})
ok: [localhost] => (item={'regexp': '^max_input_vars.*', 'line': 'max_input_vars = 5000'})
ok: [localhost] => (item={'regexp': '^memory_limit.*', 'line': 'memory_limit = 256M'})
ok: [localhost] => (item={'regexp': '^session.cookie_httponly.*', 'line': 'session.cookie_httponly = On'})
ok: [localhost] => (item={'regexp': '^;?date.timezone.*', 'line': 'date.timezone = Europe/Paris'})

TASK [../../ansible-role-glpi : Flush handlers] ********************************

TASK [../../ansible-role-glpi : Install] ***************************************
included: /Users/rbahri/Desktop/all/Perso/projects/ansible-role-glpi/tasks/install.yml for localhost

TASK [../../ansible-role-glpi : Check if GLPI is installed] ********************
ok: [localhost]

TASK [../../ansible-role-glpi : Confirm installation] **************************
skipping: [localhost]

TASK [../../ansible-role-glpi : Install using CLI] *****************************
skipping: [localhost]

TASK [../../ansible-role-glpi : Check GLPI liveness] ***************************
skipping: [localhost]

PLAY RECAP *********************************************************************
localhost                  : ok=17   changed=0    unreachable=0    failed=0    skipped=6    rescued=0    ignored=0   

